2025-09-05 10:01:08,887 | INFO | t6_refactored starting (DRY_RUN=True)
2025-09-05 10:01:11,502 | INFO | run_consecutive_candle_strategy starting (DRY_RUN=True)
2025-09-05 10:01:11,730 | INFO | Candle 10:00:00 | O=24897.40 C=24885.00 V=21750 Type=RED
2025-09-05 10:05:00,299 | INFO | Candle 10:05:00 | O=24885.00 C=24870.00 V=22200 Type=RED
2025-09-05 10:10:00,188 | INFO | Candle 10:10:00 | O=24868.30 C=24853.20 V=64500 Type=RED
2025-09-05 10:15:00,373 | INFO | Candle 10:15:00 | O=24851.00 C=24773.00 V=448575 Type=RED
2025-09-05 10:19:58,196 | INFO | t6_refactored starting (DRY_RUN=True)
2025-09-05 10:19:59,951 | INFO | run_consecutive_candle_strategy starting (DRY_RUN=True)
2025-09-05 10:20:00,073 | INFO | Using NIFTY future contract: NIFTY25SEPFUT | expiry=2025-09-30 00:00:00 | token=13568258
2025-09-05 10:20:00,134 | INFO | Candle 10:20:00 | O=24766.20 C=24742.10 V=377775 Type=RED
2025-09-05 10:25:00,352 | INFO | Candle 10:25:00 | O=24742.40 C=24766.30 V=252975 Type=GREEN
2025-09-05 10:25:00,482 | INFO | [DRY_RUN] Would place MIS SELL entry: NIFTY2590924750CE qty=75
2025-09-05 10:25:00,493 | INFO | [DRY_RUN] Would place NRML GTT OCO for NIFTY2590924750CE SL=24719.9 TP=24859.1
2025-09-05 10:25:00,493 | INFO | Entered trade SHORT_CE | NIFTY2590924750CE | entry_underlying=24766.30 SL=24719.90 TP=24859.10 lot=75
2025-09-05 10:25:01,128 | INFO | Detected external exit for NIFTY2590924750CE entry=0.00 exit=69.55 realized=-5216.25
2025-09-05 10:25:01,128 | INFO | Trade closed externally (realized=-5216.25). entries_taken=1
2025-09-05 10:30:00,210 | INFO | Candle 10:30:00 | O=24760.30 C=24808.80 V=179025 Type=GREEN
2025-09-05 10:31:36,681 | INFO | t6_refactored starting (DRY_RUN=False)
2025-09-05 10:31:38,473 | INFO | run_consecutive_candle_strategy starting (DRY_RUN=False)
2025-09-05 10:31:38,578 | INFO | Using NIFTY future contract: NIFTY25SEPFUT | expiry=2025-09-30 00:00:00 | token=13568258
2025-09-05 10:31:38,633 | INFO | Candle 10:25:00-10:30:00 | O=24760.30 H=24824.40 L=24760.30 C=24808.10 V=182850 | Type=GREEN | FUT=NIFTY25SEPFUT Exp=<function get_nearest_nifty_fut at 0x00000214163ACDC0> | Position=None | PnL\u2192 Realized=0.00, Unrealized=0.00
2025-09-05 10:31:39,199 | INFO | Candle 10:25:00-10:30:00 | O=24760.30 H=24824.40 L=24760.30 C=24808.10 V=182850 | Type=GREEN | FUT=NIFTY25SEPFUT Exp=<function get_nearest_nifty_fut at 0x00000214163ACDC0> | Position=None | PnL\u2192 Realized=0.00, Unrealized=0.00
2025-09-05 10:31:39,766 | INFO | Candle 10:25:00-10:30:00 | O=24760.30 H=24824.40 L=24760.30 C=24808.10 V=182850 | Type=GREEN | FUT=NIFTY25SEPFUT Exp=<function get_nearest_nifty_fut at 0x00000214163ACDC0> | Position=None | PnL\u2192 Realized=0.00, Unrealized=0.00
2025-09-05 10:31:40,336 | INFO | Candle 10:25:00-10:30:00 | O=24760.30 H=24824.40 L=24760.30 C=24808.10 V=182850 | Type=GREEN | FUT=NIFTY25SEPFUT Exp=<function get_nearest_nifty_fut at 0x00000214163ACDC0> | Position=None | PnL\u2192 Realized=0.00, Unrealized=0.00
2025-09-05 10:31:40,885 | INFO | Candle 10:25:00-10:30:00 | O=24760.30 H=24824.40 L=24760.30 C=24808.10 V=182850 | Type=GREEN | FUT=NIFTY25SEPFUT Exp=<function get_nearest_nifty_fut at 0x00000214163ACDC0> | Position=None | PnL\u2192 Realized=0.00, Unrealized=0.00
2025-09-05 10:31:41,434 | INFO | Candle 10:25:00-10:30:00 | O=24760.30 H=24824.40 L=24760.30 C=24808.10 V=182850 | Type=GREEN | FUT=NIFTY25SEPFUT Exp=<function get_nearest_nifty_fut at 0x00000214163ACDC0> | Position=None | PnL\u2192 Realized=0.00, Unrealized=0.00
2025-09-05 10:31:42,004 | INFO | Candle 10:25:00-10:30:00 | O=24760.30 H=24824.40 L=24760.30 C=24808.10 V=182850 | Type=GREEN | FUT=NIFTY25SEPFUT Exp=<function get_nearest_nifty_fut at 0x00000214163ACDC0> | Position=None | PnL\u2192 Realized=0.00, Unrealized=0.00
2025-09-05 10:31:42,551 | INFO | Candle 10:25:00-10:30:00 | O=24760.30 H=24824.40 L=24760.30 C=24808.10 V=182850 | Type=GREEN | FUT=NIFTY25SEPFUT Exp=<function get_nearest_nifty_fut at 0x00000214163ACDC0> | Position=None | PnL\u2192 Realized=0.00, Unrealized=0.00
2025-09-05 10:31:43,106 | INFO | Candle 10:25:00-10:30:00 | O=24760.30 H=24824.40 L=24760.30 C=24808.10 V=182850 | Type=GREEN | FUT=NIFTY25SEPFUT Exp=<function get_nearest_nifty_fut at 0x00000214163ACDC0> | Position=None | PnL\u2192 Realized=0.00, Unrealized=0.00
2025-09-05 10:31:43,659 | INFO | Candle 10:25:00-10:30:00 | O=24760.30 H=24824.40 L=24760.30 C=24808.10 V=182850 | Type=GREEN | FUT=NIFTY25SEPFUT Exp=<function get_nearest_nifty_fut at 0x00000214163ACDC0> | Position=None | PnL\u2192 Realized=0.00, Unrealized=0.00
2025-09-05 10:31:44,219 | INFO | Candle 10:25:00-10:30:00 | O=24760.30 H=24824.40 L=24760.30 C=24808.10 V=182850 | Type=GREEN | FUT=NIFTY25SEPFUT Exp=<function get_nearest_nifty_fut at 0x00000214163ACDC0> | Position=None | PnL\u2192 Realized=0.00, Unrealized=0.00
2025-09-05 10:31:44,770 | INFO | Candle 10:25:00-10:30:00 | O=24760.30 H=24824.40 L=24760.30 C=24808.10 V=182850 | Type=GREEN | FUT=NIFTY25SEPFUT Exp=<function get_nearest_nifty_fut at 0x00000214163ACDC0> | Position=None | PnL\u2192 Realized=0.00, Unrealized=0.00
2025-09-05 10:31:45,320 | INFO | Candle 10:25:00-10:30:00 | O=24760.30 H=24824.40 L=24760.30 C=24808.10 V=182850 | Type=GREEN | FUT=NIFTY25SEPFUT Exp=<function get_nearest_nifty_fut at 0x00000214163ACDC0> | Position=None | PnL\u2192 Realized=0.00, Unrealized=0.00
2025-09-05 10:31:45,884 | INFO | Candle 10:25:00-10:30:00 | O=24760.30 H=24824.40 L=24760.30 C=24808.10 V=182850 | Type=GREEN | FUT=NIFTY25SEPFUT Exp=<function get_nearest_nifty_fut at 0x00000214163ACDC0> | Position=None | PnL\u2192 Realized=0.00, Unrealized=0.00
2025-09-05 10:31:46,451 | INFO | Candle 10:25:00-10:30:00 | O=24760.30 H=24824.40 L=24760.30 C=24808.10 V=182850 | Type=GREEN | FUT=NIFTY25SEPFUT Exp=<function get_nearest_nifty_fut at 0x00000214163ACDC0> | Position=None | PnL\u2192 Realized=0.00, Unrealized=0.00
2025-09-05 10:31:46,986 | INFO | Candle 10:25:00-10:30:00 | O=24760.30 H=24824.40 L=24760.30 C=24808.10 V=182850 | Type=GREEN | FUT=NIFTY25SEPFUT Exp=<function get_nearest_nifty_fut at 0x00000214163ACDC0> | Position=None | PnL\u2192 Realized=0.00, Unrealized=0.00
2025-09-05 10:31:47,569 | INFO | Candle 10:25:00-10:30:00 | O=24760.30 H=24824.40 L=24760.30 C=24808.10 V=182850 | Type=GREEN | FUT=NIFTY25SEPFUT Exp=<function get_nearest_nifty_fut at 0x00000214163ACDC0> | Position=None | PnL\u2192 Realized=0.00, Unrealized=0.00
2025-09-05 10:31:48,125 | INFO | Candle 10:25:00-10:30:00 | O=24760.30 H=24824.40 L=24760.30 C=24808.10 V=182850 | Type=GREEN | FUT=NIFTY25SEPFUT Exp=<function get_nearest_nifty_fut at 0x00000214163ACDC0> | Position=None | PnL\u2192 Realized=0.00, Unrealized=0.00
2025-09-05 10:31:48,677 | INFO | Candle 10:25:00-10:30:00 | O=24760.30 H=24824.40 L=24760.30 C=24808.10 V=182850 | Type=GREEN | FUT=NIFTY25SEPFUT Exp=<function get_nearest_nifty_fut at 0x00000214163ACDC0> | Position=None | PnL\u2192 Realized=0.00, Unrealized=0.00
2025-09-05 10:31:49,238 | INFO | Candle 10:25:00-10:30:00 | O=24760.30 H=24824.40 L=24760.30 C=24808.10 V=182850 | Type=GREEN | FUT=NIFTY25SEPFUT Exp=<function get_nearest_nifty_fut at 0x00000214163ACDC0> | Position=None | PnL\u2192 Realized=0.00, Unrealized=0.00
2025-09-05 10:31:49,785 | INFO | Candle 10:25:00-10:30:00 | O=24760.30 H=24824.40 L=24760.30 C=24808.10 V=182850 | Type=GREEN | FUT=NIFTY25SEPFUT Exp=<function get_nearest_nifty_fut at 0x00000214163ACDC0> | Position=None | PnL\u2192 Realized=0.00, Unrealized=0.00
2025-09-05 10:31:50,362 | INFO | Candle 10:25:00-10:30:00 | O=24760.30 H=24824.40 L=24760.30 C=24808.10 V=182850 | Type=GREEN | FUT=NIFTY25SEPFUT Exp=<function get_nearest_nifty_fut at 0x00000214163ACDC0> | Position=None | PnL\u2192 Realized=0.00, Unrealized=0.00
2025-09-05 10:31:50,953 | INFO | Candle 10:25:00-10:30:00 | O=24760.30 H=24824.40 L=24760.30 C=24808.10 V=182850 | Type=GREEN | FUT=NIFTY25SEPFUT Exp=<function get_nearest_nifty_fut at 0x00000214163ACDC0> | Position=None | PnL\u2192 Realized=0.00, Unrealized=0.00
2025-09-05 10:31:51,519 | INFO | Candle 10:25:00-10:30:00 | O=24760.30 H=24824.40 L=24760.30 C=24808.10 V=182850 | Type=GREEN | FUT=NIFTY25SEPFUT Exp=<function get_nearest_nifty_fut at 0x00000214163ACDC0> | Position=None | PnL\u2192 Realized=0.00, Unrealized=0.00
2025-09-05 10:31:52,070 | INFO | Candle 10:25:00-10:30:00 | O=24760.30 H=24824.40 L=24760.30 C=24808.10 V=182850 | Type=GREEN | FUT=NIFTY25SEPFUT Exp=<function get_nearest_nifty_fut at 0x00000214163ACDC0> | Position=None | PnL\u2192 Realized=0.00, Unrealized=0.00
2025-09-05 10:31:52,606 | INFO | Candle 10:25:00-10:30:00 | O=24760.30 H=24824.40 L=24760.30 C=24808.10 V=182850 | Type=GREEN | FUT=NIFTY25SEPFUT Exp=<function get_nearest_nifty_fut at 0x00000214163ACDC0> | Position=None | PnL\u2192 Realized=0.00, Unrealized=0.00
2025-09-05 10:31:53,155 | INFO | Candle 10:25:00-10:30:00 | O=24760.30 H=24824.40 L=24760.30 C=24808.10 V=182850 | Type=GREEN | FUT=NIFTY25SEPFUT Exp=<function get_nearest_nifty_fut at 0x00000214163ACDC0> | Position=None | PnL\u2192 Realized=0.00, Unrealized=0.00
2025-09-05 10:31:53,704 | INFO | Candle 10:25:00-10:30:00 | O=24760.30 H=24824.40 L=24760.30 C=24808.10 V=182850 | Type=GREEN | FUT=NIFTY25SEPFUT Exp=<function get_nearest_nifty_fut at 0x00000214163ACDC0> | Position=None | PnL\u2192 Realized=0.00, Unrealized=0.00
2025-09-05 10:31:54,270 | INFO | Candle 10:25:00-10:30:00 | O=24760.30 H=24824.40 L=24760.30 C=24808.10 V=182850 | Type=GREEN | FUT=NIFTY25SEPFUT Exp=<function get_nearest_nifty_fut at 0x00000214163ACDC0> | Position=None | PnL\u2192 Realized=0.00, Unrealized=0.00
2025-09-05 10:31:54,823 | INFO | Candle 10:25:00-10:30:00 | O=24760.30 H=24824.40 L=24760.30 C=24808.10 V=182850 | Type=GREEN | FUT=NIFTY25SEPFUT Exp=<function get_nearest_nifty_fut at 0x00000214163ACDC0> | Position=None | PnL\u2192 Realized=0.00, Unrealized=0.00
2025-09-05 10:31:55,420 | INFO | Candle 10:25:00-10:30:00 | O=24760.30 H=24824.40 L=24760.30 C=24808.10 V=182850 | Type=GREEN | FUT=NIFTY25SEPFUT Exp=<function get_nearest_nifty_fut at 0x00000214163ACDC0> | Position=None | PnL\u2192 Realized=0.00, Unrealized=0.00
2025-09-05 10:31:55,975 | INFO | Candle 10:25:00-10:30:00 | O=24760.30 H=24824.40 L=24760.30 C=24808.10 V=182850 | Type=GREEN | FUT=NIFTY25SEPFUT Exp=<function get_nearest_nifty_fut at 0x00000214163ACDC0> | Position=None | PnL\u2192 Realized=0.00, Unrealized=0.00
2025-09-05 10:31:56,522 | INFO | Candle 10:25:00-10:30:00 | O=24760.30 H=24824.40 L=24760.30 C=24808.10 V=182850 | Type=GREEN | FUT=NIFTY25SEPFUT Exp=<function get_nearest_nifty_fut at 0x00000214163ACDC0> | Position=None | PnL\u2192 Realized=0.00, Unrealized=0.00
2025-09-05 10:31:57,095 | INFO | Candle 10:25:00-10:30:00 | O=24760.30 H=24824.40 L=24760.30 C=24808.10 V=182850 | Type=GREEN | FUT=NIFTY25SEPFUT Exp=<function get_nearest_nifty_fut at 0x00000214163ACDC0> | Position=None | PnL\u2192 Realized=0.00, Unrealized=0.00
2025-09-05 10:31:57,644 | INFO | Candle 10:25:00-10:30:00 | O=24760.30 H=24824.40 L=24760.30 C=24808.10 V=182850 | Type=GREEN | FUT=NIFTY25SEPFUT Exp=<function get_nearest_nifty_fut at 0x00000214163ACDC0> | Position=None | PnL\u2192 Realized=0.00, Unrealized=0.00
2025-09-05 10:31:58,205 | INFO | Candle 10:25:00-10:30:00 | O=24760.30 H=24824.40 L=24760.30 C=24808.10 V=182850 | Type=GREEN | FUT=NIFTY25SEPFUT Exp=<function get_nearest_nifty_fut at 0x00000214163ACDC0> | Position=None | PnL\u2192 Realized=0.00, Unrealized=0.00
2025-09-05 10:31:58,771 | INFO | Candle 10:25:00-10:30:00 | O=24760.30 H=24824.40 L=24760.30 C=24808.10 V=182850 | Type=GREEN | FUT=NIFTY25SEPFUT Exp=<function get_nearest_nifty_fut at 0x00000214163ACDC0> | Position=None | PnL\u2192 Realized=0.00, Unrealized=0.00
2025-09-05 10:31:59,336 | INFO | Candle 10:25:00-10:30:00 | O=24760.30 H=24824.40 L=24760.30 C=24808.10 V=182850 | Type=GREEN | FUT=NIFTY25SEPFUT Exp=<function get_nearest_nifty_fut at 0x00000214163ACDC0> | Position=None | PnL\u2192 Realized=0.00, Unrealized=0.00
2025-09-05 10:31:59,888 | INFO | Candle 10:25:00-10:30:00 | O=24760.30 H=24824.40 L=24760.30 C=24808.10 V=182850 | Type=GREEN | FUT=NIFTY25SEPFUT Exp=<function get_nearest_nifty_fut at 0x00000214163ACDC0> | Position=None | PnL\u2192 Realized=0.00, Unrealized=0.00
2025-09-05 10:32:00,432 | INFO | Candle 10:25:00-10:30:00 | O=24760.30 H=24824.40 L=24760.30 C=24808.10 V=182850 | Type=GREEN | FUT=NIFTY25SEPFUT Exp=<function get_nearest_nifty_fut at 0x00000214163ACDC0> | Position=None | PnL\u2192 Realized=0.00, Unrealized=0.00
2025-09-05 10:32:00,973 | INFO | Candle 10:25:00-10:30:00 | O=24760.30 H=24824.40 L=24760.30 C=24808.10 V=182850 | Type=GREEN | FUT=NIFTY25SEPFUT Exp=<function get_nearest_nifty_fut at 0x00000214163ACDC0> | Position=None | PnL\u2192 Realized=0.00, Unrealized=0.00
2025-09-05 10:32:01,555 | INFO | Candle 10:25:00-10:30:00 | O=24760.30 H=24824.40 L=24760.30 C=24808.10 V=182850 | Type=GREEN | FUT=NIFTY25SEPFUT Exp=<function get_nearest_nifty_fut at 0x00000214163ACDC0> | Position=None | PnL\u2192 Realized=0.00, Unrealized=0.00
2025-09-05 10:32:02,113 | INFO | Candle 10:25:00-10:30:00 | O=24760.30 H=24824.40 L=24760.30 C=24808.10 V=182850 | Type=GREEN | FUT=NIFTY25SEPFUT Exp=<function get_nearest_nifty_fut at 0x00000214163ACDC0> | Position=None | PnL\u2192 Realized=0.00, Unrealized=0.00
2025-09-05 10:32:02,654 | INFO | Candle 10:25:00-10:30:00 | O=24760.30 H=24824.40 L=24760.30 C=24808.10 V=182850 | Type=GREEN | FUT=NIFTY25SEPFUT Exp=<function get_nearest_nifty_fut at 0x00000214163ACDC0> | Position=None | PnL\u2192 Realized=0.00, Unrealized=0.00
2025-09-05 10:32:03,195 | INFO | Candle 10:25:00-10:30:00 | O=24760.30 H=24824.40 L=24760.30 C=24808.10 V=182850 | Type=GREEN | FUT=NIFTY25SEPFUT Exp=<function get_nearest_nifty_fut at 0x00000214163ACDC0> | Position=None | PnL\u2192 Realized=0.00, Unrealized=0.00
2025-09-05 10:32:03,739 | INFO | Candle 10:25:00-10:30:00 | O=24760.30 H=24824.40 L=24760.30 C=24808.10 V=182850 | Type=GREEN | FUT=NIFTY25SEPFUT Exp=<function get_nearest_nifty_fut at 0x00000214163ACDC0> | Position=None | PnL\u2192 Realized=0.00, Unrealized=0.00
2025-09-05 10:32:04,289 | INFO | Candle 10:25:00-10:30:00 | O=24760.30 H=24824.40 L=24760.30 C=24808.10 V=182850 | Type=GREEN | FUT=NIFTY25SEPFUT Exp=<function get_nearest_nifty_fut at 0x00000214163ACDC0> | Position=None | PnL\u2192 Realized=0.00, Unrealized=0.00
2025-09-05 10:32:04,840 | INFO | Candle 10:25:00-10:30:00 | O=24760.30 H=24824.40 L=24760.30 C=24808.10 V=182850 | Type=GREEN | FUT=NIFTY25SEPFUT Exp=<function get_nearest_nifty_fut at 0x00000214163ACDC0> | Position=None | PnL\u2192 Realized=0.00, Unrealized=0.00
2025-09-05 10:32:05,407 | INFO | Candle 10:25:00-10:30:00 | O=24760.30 H=24824.40 L=24760.30 C=24808.10 V=182850 | Type=GREEN | FUT=NIFTY25SEPFUT Exp=<function get_nearest_nifty_fut at 0x00000214163ACDC0> | Position=None | PnL\u2192 Realized=0.00, Unrealized=0.00
2025-09-05 10:32:05,956 | INFO | Candle 10:25:00-10:30:00 | O=24760.30 H=24824.40 L=24760.30 C=24808.10 V=182850 | Type=GREEN | FUT=NIFTY25SEPFUT Exp=<function get_nearest_nifty_fut at 0x00000214163ACDC0> | Position=None | PnL\u2192 Realized=0.00, Unrealized=0.00
2025-09-05 10:32:06,523 | INFO | Candle 10:25:00-10:30:00 | O=24760.30 H=24824.40 L=24760.30 C=24808.10 V=182850 | Type=GREEN | FUT=NIFTY25SEPFUT Exp=<function get_nearest_nifty_fut at 0x00000214163ACDC0> | Position=None | PnL\u2192 Realized=0.00, Unrealized=0.00
2025-09-05 10:32:07,145 | INFO | Candle 10:25:00-10:30:00 | O=24760.30 H=24824.40 L=24760.30 C=24808.10 V=182850 | Type=GREEN | FUT=NIFTY25SEPFUT Exp=<function get_nearest_nifty_fut at 0x00000214163ACDC0> | Position=None | PnL\u2192 Realized=0.00, Unrealized=0.00
2025-09-05 10:32:07,711 | INFO | Candle 10:25:00-10:30:00 | O=24760.30 H=24824.40 L=24760.30 C=24808.10 V=182850 | Type=GREEN | FUT=NIFTY25SEPFUT Exp=<function get_nearest_nifty_fut at 0x00000214163ACDC0> | Position=None | PnL\u2192 Realized=0.00, Unrealized=0.00
2025-09-05 10:32:08,275 | INFO | Candle 10:25:00-10:30:00 | O=24760.30 H=24824.40 L=24760.30 C=24808.10 V=182850 | Type=GREEN | FUT=NIFTY25SEPFUT Exp=<function get_nearest_nifty_fut at 0x00000214163ACDC0> | Position=None | PnL\u2192 Realized=0.00, Unrealized=0.00
2025-09-05 10:32:08,823 | INFO | Candle 10:25:00-10:30:00 | O=24760.30 H=24824.40 L=24760.30 C=24808.10 V=182850 | Type=GREEN | FUT=NIFTY25SEPFUT Exp=<function get_nearest_nifty_fut at 0x00000214163ACDC0> | Position=None | PnL\u2192 Realized=0.00, Unrealized=0.00
2025-09-05 10:32:09,374 | INFO | Candle 10:25:00-10:30:00 | O=24760.30 H=24824.40 L=24760.30 C=24808.10 V=182850 | Type=GREEN | FUT=NIFTY25SEPFUT Exp=<function get_nearest_nifty_fut at 0x00000214163ACDC0> | Position=None | PnL\u2192 Realized=0.00, Unrealized=0.00
2025-09-05 10:32:09,924 | INFO | Candle 10:25:00-10:30:00 | O=24760.30 H=24824.40 L=24760.30 C=24808.10 V=182850 | Type=GREEN | FUT=NIFTY25SEPFUT Exp=<function get_nearest_nifty_fut at 0x00000214163ACDC0> | Position=None | PnL\u2192 Realized=0.00, Unrealized=0.00
2025-09-05 10:32:10,474 | INFO | Candle 10:25:00-10:30:00 | O=24760.30 H=24824.40 L=24760.30 C=24808.10 V=182850 | Type=GREEN | FUT=NIFTY25SEPFUT Exp=<function get_nearest_nifty_fut at 0x00000214163ACDC0> | Position=None | PnL\u2192 Realized=0.00, Unrealized=0.00
2025-09-05 10:32:11,012 | INFO | Candle 10:25:00-10:30:00 | O=24760.30 H=24824.40 L=24760.30 C=24808.10 V=182850 | Type=GREEN | FUT=NIFTY25SEPFUT Exp=<function get_nearest_nifty_fut at 0x00000214163ACDC0> | Position=None | PnL\u2192 Realized=0.00, Unrealized=0.00
2025-09-05 10:32:11,658 | INFO | Candle 10:25:00-10:30:00 | O=24760.30 H=24824.40 L=24760.30 C=24808.10 V=182850 | Type=GREEN | FUT=NIFTY25SEPFUT Exp=<function get_nearest_nifty_fut at 0x00000214163ACDC0> | Position=None | PnL\u2192 Realized=0.00, Unrealized=0.00
2025-09-05 10:32:12,212 | INFO | Candle 10:25:00-10:30:00 | O=24760.30 H=24824.40 L=24760.30 C=24808.10 V=182850 | Type=GREEN | FUT=NIFTY25SEPFUT Exp=<function get_nearest_nifty_fut at 0x00000214163ACDC0> | Position=None | PnL\u2192 Realized=0.00, Unrealized=0.00
2025-09-05 10:32:12,758 | INFO | Candle 10:25:00-10:30:00 | O=24760.30 H=24824.40 L=24760.30 C=24808.10 V=182850 | Type=GREEN | FUT=NIFTY25SEPFUT Exp=<function get_nearest_nifty_fut at 0x00000214163ACDC0> | Position=None | PnL\u2192 Realized=0.00, Unrealized=0.00
2025-09-05 10:32:13,308 | INFO | Candle 10:25:00-10:30:00 | O=24760.30 H=24824.40 L=24760.30 C=24808.10 V=182850 | Type=GREEN | FUT=NIFTY25SEPFUT Exp=<function get_nearest_nifty_fut at 0x00000214163ACDC0> | Position=None | PnL\u2192 Realized=0.00, Unrealized=0.00
2025-09-05 10:32:13,875 | INFO | Candle 10:25:00-10:30:00 | O=24760.30 H=24824.40 L=24760.30 C=24808.10 V=182850 | Type=GREEN | FUT=NIFTY25SEPFUT Exp=<function get_nearest_nifty_fut at 0x00000214163ACDC0> | Position=None | PnL\u2192 Realized=0.00, Unrealized=0.00
2025-09-05 10:32:14,476 | INFO | Candle 10:25:00-10:30:00 | O=24760.30 H=24824.40 L=24760.30 C=24808.10 V=182850 | Type=GREEN | FUT=NIFTY25SEPFUT Exp=<function get_nearest_nifty_fut at 0x00000214163ACDC0> | Position=None | PnL\u2192 Realized=0.00, Unrealized=0.00
2025-09-05 10:32:15,018 | INFO | Candle 10:25:00-10:30:00 | O=24760.30 H=24824.40 L=24760.30 C=24808.10 V=182850 | Type=GREEN | FUT=NIFTY25SEPFUT Exp=<function get_nearest_nifty_fut at 0x00000214163ACDC0> | Position=None | PnL\u2192 Realized=0.00, Unrealized=0.00
2025-09-05 10:32:15,567 | INFO | Candle 10:25:00-10:30:00 | O=24760.30 H=24824.40 L=24760.30 C=24808.10 V=182850 | Type=GREEN | FUT=NIFTY25SEPFUT Exp=<function get_nearest_nifty_fut at 0x00000214163ACDC0> | Position=None | PnL\u2192 Realized=0.00, Unrealized=0.00
2025-09-05 10:32:16,143 | INFO | Candle 10:25:00-10:30:00 | O=24760.30 H=24824.40 L=24760.30 C=24808.10 V=182850 | Type=GREEN | FUT=NIFTY25SEPFUT Exp=<function get_nearest_nifty_fut at 0x00000214163ACDC0> | Position=None | PnL\u2192 Realized=0.00, Unrealized=0.00
2025-09-05 10:32:16,727 | INFO | Candle 10:25:00-10:30:00 | O=24760.30 H=24824.40 L=24760.30 C=24808.10 V=182850 | Type=GREEN | FUT=NIFTY25SEPFUT Exp=<function get_nearest_nifty_fut at 0x00000214163ACDC0> | Position=None | PnL\u2192 Realized=0.00, Unrealized=0.00
2025-09-05 10:32:17,308 | INFO | Candle 10:25:00-10:30:00 | O=24760.30 H=24824.40 L=24760.30 C=24808.10 V=182850 | Type=GREEN | FUT=NIFTY25SEPFUT Exp=<function get_nearest_nifty_fut at 0x00000214163ACDC0> | Position=None | PnL\u2192 Realized=0.00, Unrealized=0.00
2025-09-05 10:32:17,850 | INFO | Candle 10:25:00-10:30:00 | O=24760.30 H=24824.40 L=24760.30 C=24808.10 V=182850 | Type=GREEN | FUT=NIFTY25SEPFUT Exp=<function get_nearest_nifty_fut at 0x00000214163ACDC0> | Position=None | PnL\u2192 Realized=0.00, Unrealized=0.00
2025-09-05 10:32:18,399 | INFO | Candle 10:25:00-10:30:00 | O=24760.30 H=24824.40 L=24760.30 C=24808.10 V=182850 | Type=GREEN | FUT=NIFTY25SEPFUT Exp=<function get_nearest_nifty_fut at 0x00000214163ACDC0> | Position=None | PnL\u2192 Realized=0.00, Unrealized=0.00
2025-09-05 10:32:18,950 | INFO | Candle 10:25:00-10:30:00 | O=24760.30 H=24824.40 L=24760.30 C=24808.10 V=182850 | Type=GREEN | FUT=NIFTY25SEPFUT Exp=<function get_nearest_nifty_fut at 0x00000214163ACDC0> | Position=None | PnL\u2192 Realized=0.00, Unrealized=0.00
2025-09-05 10:39:08,802 | INFO | t6_refactored starting (DRY_RUN=False)
2025-09-05 10:39:10,664 | INFO | run_consecutive_candle_strategy starting (DRY_RUN=False)
2025-09-05 10:39:10,786 | INFO | Using NIFTY future contract: NIFTY25SEPFUT | expiry=2025-09-30 00:00:00 | token=13568258
2025-09-05 10:39:11,142 | INFO | Candle 10:30:00-10:35:00 | O=24808.10 H=24815.00 L=24776.00 C=24778.40 V=74100 | Type=RED | FUT=NIFTY25SEPFUT Exp=2025-09-30 | Position=None | PnL\u2192 Realized=0.00, Unrealized=0.00
2025-09-05 10:39:11,702 | INFO | Candle 10:30:00-10:35:00 | O=24808.10 H=24815.00 L=24776.00 C=24778.40 V=74100 | Type=RED | FUT=NIFTY25SEPFUT Exp=2025-09-30 | Position=None | PnL\u2192 Realized=0.00, Unrealized=0.00
2025-09-05 10:39:12,270 | INFO | Candle 10:30:00-10:35:00 | O=24808.10 H=24815.00 L=24776.00 C=24778.40 V=74100 | Type=RED | FUT=NIFTY25SEPFUT Exp=2025-09-30 | Position=None | PnL\u2192 Realized=0.00, Unrealized=0.00
2025-09-05 10:39:12,820 | INFO | Candle 10:30:00-10:35:00 | O=24808.10 H=24815.00 L=24776.00 C=24778.40 V=74100 | Type=RED | FUT=NIFTY25SEPFUT Exp=2025-09-30 | Position=None | PnL\u2192 Realized=0.00, Unrealized=0.00
2025-09-05 10:39:13,372 | INFO | Candle 10:30:00-10:35:00 | O=24808.10 H=24815.00 L=24776.00 C=24778.40 V=74100 | Type=RED | FUT=NIFTY25SEPFUT Exp=2025-09-30 | Position=None | PnL\u2192 Realized=0.00, Unrealized=0.00
2025-09-05 10:39:13,938 | INFO | Candle 10:30:00-10:35:00 | O=24808.10 H=24815.00 L=24776.00 C=24778.40 V=74100 | Type=RED | FUT=NIFTY25SEPFUT Exp=2025-09-30 | Position=None | PnL\u2192 Realized=0.00, Unrealized=0.00
2025-09-05 10:39:14,521 | INFO | Candle 10:30:00-10:35:00 | O=24808.10 H=24815.00 L=24776.00 C=24778.40 V=74100 | Type=RED | FUT=NIFTY25SEPFUT Exp=2025-09-30 | Position=None | PnL\u2192 Realized=0.00, Unrealized=0.00
2025-09-05 10:48:36,839 | INFO | t6_refactored starting (DRY_RUN=False)
2025-09-05 10:48:38,631 | INFO | run_consecutive_candle_strategy starting (DRY_RUN=False)
2025-09-05 10:48:38,736 | INFO | Using NIFTY future contract: NIFTY25SEPFUT | expiry=2025-09-30 00:00:00 | token=13568258
2025-09-05 10:48:38,788 | INFO | Candle 10:40:00-10:45:00 | O=24800.00 H=24804.00 L=24783.00 C=24796.30 V=18975 | Type=RED | FUT=NIFTY25SEPFUT Exp=2025-09-30 | Position=None | PnL : Realized=0.00, Unrealized=0.00 | Entries=0 | ReEntry=False
2025-09-05 10:48:39,337 | INFO | Candle 10:40:00-10:45:00 | O=24800.00 H=24804.00 L=24783.00 C=24796.30 V=18975 | Type=RED | FUT=NIFTY25SEPFUT Exp=2025-09-30 | Position=None | PnL : Realized=0.00, Unrealized=0.00 | Entries=0 | ReEntry=False
2025-09-05 10:48:39,906 | INFO | Candle 10:40:00-10:45:00 | O=24800.00 H=24804.00 L=24783.00 C=24796.30 V=18975 | Type=RED | FUT=NIFTY25SEPFUT Exp=2025-09-30 | Position=None | PnL : Realized=0.00, Unrealized=0.00 | Entries=0 | ReEntry=False
2025-09-05 10:48:40,458 | INFO | Candle 10:40:00-10:45:00 | O=24800.00 H=24804.00 L=24783.00 C=24796.30 V=18975 | Type=RED | FUT=NIFTY25SEPFUT Exp=2025-09-30 | Position=None | PnL : Realized=0.00, Unrealized=0.00 | Entries=0 | ReEntry=False
2025-09-05 10:48:41,008 | INFO | Candle 10:40:00-10:45:00 | O=24800.00 H=24804.00 L=24783.00 C=24796.30 V=18975 | Type=RED | FUT=NIFTY25SEPFUT Exp=2025-09-30 | Position=None | PnL : Realized=0.00, Unrealized=0.00 | Entries=0 | ReEntry=False
2025-09-05 10:48:41,560 | INFO | Candle 10:40:00-10:45:00 | O=24800.00 H=24804.00 L=24783.00 C=24796.30 V=18975 | Type=RED | FUT=NIFTY25SEPFUT Exp=2025-09-30 | Position=None | PnL : Realized=0.00, Unrealized=0.00 | Entries=0 | ReEntry=False
2025-09-05 10:48:42,121 | INFO | Candle 10:40:00-10:45:00 | O=24800.00 H=24804.00 L=24783.00 C=24796.30 V=18975 | Type=RED | FUT=NIFTY25SEPFUT Exp=2025-09-30 | Position=None | PnL : Realized=0.00, Unrealized=0.00 | Entries=0 | ReEntry=False
2025-09-05 10:48:42,672 | INFO | Candle 10:40:00-10:45:00 | O=24800.00 H=24804.00 L=24783.00 C=24796.30 V=18975 | Type=RED | FUT=NIFTY25SEPFUT Exp=2025-09-30 | Position=None | PnL : Realized=0.00, Unrealized=0.00 | Entries=0 | ReEntry=False
2025-09-05 10:48:43,222 | INFO | Candle 10:40:00-10:45:00 | O=24800.00 H=24804.00 L=24783.00 C=24796.30 V=18975 | Type=RED | FUT=NIFTY25SEPFUT Exp=2025-09-30 | Position=None | PnL : Realized=0.00, Unrealized=0.00 | Entries=0 | ReEntry=False
2025-09-05 10:48:43,776 | INFO | Candle 10:40:00-10:45:00 | O=24800.00 H=24804.00 L=24783.00 C=24796.30 V=18975 | Type=RED | FUT=NIFTY25SEPFUT Exp=2025-09-30 | Position=None | PnL : Realized=0.00, Unrealized=0.00 | Entries=0 | ReEntry=False
2025-09-05 10:48:44,322 | INFO | Candle 10:40:00-10:45:00 | O=24800.00 H=24804.00 L=24783.00 C=24796.30 V=18975 | Type=RED | FUT=NIFTY25SEPFUT Exp=2025-09-30 | Position=None | PnL : Realized=0.00, Unrealized=0.00 | Entries=0 | ReEntry=False
2025-09-05 10:48:44,877 | INFO | Candle 10:40:00-10:45:00 | O=24800.00 H=24804.00 L=24783.00 C=24796.30 V=18975 | Type=RED | FUT=NIFTY25SEPFUT Exp=2025-09-30 | Position=None | PnL : Realized=0.00, Unrealized=0.00 | Entries=0 | ReEntry=False
2025-09-05 10:48:45,438 | INFO | Candle 10:40:00-10:45:00 | O=24800.00 H=24804.00 L=24783.00 C=24796.30 V=18975 | Type=RED | FUT=NIFTY25SEPFUT Exp=2025-09-30 | Position=None | PnL : Realized=0.00, Unrealized=0.00 | Entries=0 | ReEntry=False
2025-09-05 10:48:45,988 | INFO | Candle 10:40:00-10:45:00 | O=24800.00 H=24804.00 L=24783.00 C=24796.30 V=18975 | Type=RED | FUT=NIFTY25SEPFUT Exp=2025-09-30 | Position=None | PnL : Realized=0.00, Unrealized=0.00 | Entries=0 | ReEntry=False
2025-09-05 10:48:46,573 | INFO | Candle 10:40:00-10:45:00 | O=24800.00 H=24804.00 L=24783.00 C=24796.30 V=18975 | Type=RED | FUT=NIFTY25SEPFUT Exp=2025-09-30 | Position=None | PnL : Realized=0.00, Unrealized=0.00 | Entries=0 | ReEntry=False
2025-09-05 10:48:47,133 | INFO | Candle 10:40:00-10:45:00 | O=24800.00 H=24804.00 L=24783.00 C=24796.30 V=18975 | Type=RED | FUT=NIFTY25SEPFUT Exp=2025-09-30 | Position=None | PnL : Realized=0.00, Unrealized=0.00 | Entries=0 | ReEntry=False
2025-09-05 10:48:47,689 | INFO | Candle 10:40:00-10:45:00 | O=24800.00 H=24804.00 L=24783.00 C=24796.30 V=18975 | Type=RED | FUT=NIFTY25SEPFUT Exp=2025-09-30 | Position=None | PnL : Realized=0.00, Unrealized=0.00 | Entries=0 | ReEntry=False
2025-09-05 10:48:48,241 | INFO | Candle 10:40:00-10:45:00 | O=24800.00 H=24804.00 L=24783.00 C=24796.30 V=18975 | Type=RED | FUT=NIFTY25SEPFUT Exp=2025-09-30 | Position=None | PnL : Realized=0.00, Unrealized=0.00 | Entries=0 | ReEntry=False
2025-09-05 10:48:48,851 | INFO | Candle 10:40:00-10:45:00 | O=24800.00 H=24804.00 L=24783.00 C=24796.30 V=18975 | Type=RED | FUT=NIFTY25SEPFUT Exp=2025-09-30 | Position=None | PnL : Realized=0.00, Unrealized=0.00 | Entries=0 | ReEntry=False
2025-09-05 10:48:49,390 | INFO | Candle 10:40:00-10:45:00 | O=24800.00 H=24804.00 L=24783.00 C=24796.30 V=18975 | Type=RED | FUT=NIFTY25SEPFUT Exp=2025-09-30 | Position=None | PnL : Realized=0.00, Unrealized=0.00 | Entries=0 | ReEntry=False
2025-09-05 10:48:49,957 | INFO | Candle 10:40:00-10:45:00 | O=24800.00 H=24804.00 L=24783.00 C=24796.30 V=18975 | Type=RED | FUT=NIFTY25SEPFUT Exp=2025-09-30 | Position=None | PnL : Realized=0.00, Unrealized=0.00 | Entries=0 | ReEntry=False
2025-09-05 10:48:50,508 | INFO | Candle 10:40:00-10:45:00 | O=24800.00 H=24804.00 L=24783.00 C=24796.30 V=18975 | Type=RED | FUT=NIFTY25SEPFUT Exp=2025-09-30 | Position=None | PnL : Realized=0.00, Unrealized=0.00 | Entries=0 | ReEntry=False
2025-09-05 10:48:51,056 | INFO | Candle 10:40:00-10:45:00 | O=24800.00 H=24804.00 L=24783.00 C=24796.30 V=18975 | Type=RED | FUT=NIFTY25SEPFUT Exp=2025-09-30 | Position=None | PnL : Realized=0.00, Unrealized=0.00 | Entries=0 | ReEntry=False
2025-09-05 10:48:51,650 | INFO | Candle 10:40:00-10:45:00 | O=24800.00 H=24804.00 L=24783.00 C=24796.30 V=18975 | Type=RED | FUT=NIFTY25SEPFUT Exp=2025-09-30 | Position=None | PnL : Realized=0.00, Unrealized=0.00 | Entries=0 | ReEntry=False
2025-09-05 10:48:52,204 | INFO | Candle 10:40:00-10:45:00 | O=24800.00 H=24804.00 L=24783.00 C=24796.30 V=18975 | Type=RED | FUT=NIFTY25SEPFUT Exp=2025-09-30 | Position=None | PnL : Realized=0.00, Unrealized=0.00 | Entries=0 | ReEntry=False
2025-09-05 10:48:52,774 | INFO | Candle 10:40:00-10:45:00 | O=24800.00 H=24804.00 L=24783.00 C=24796.30 V=18975 | Type=RED | FUT=NIFTY25SEPFUT Exp=2025-09-30 | Position=None | PnL : Realized=0.00, Unrealized=0.00 | Entries=0 | ReEntry=False
2025-09-05 10:48:53,339 | INFO | Candle 10:40:00-10:45:00 | O=24800.00 H=24804.00 L=24783.00 C=24796.30 V=18975 | Type=RED | FUT=NIFTY25SEPFUT Exp=2025-09-30 | Position=None | PnL : Realized=0.00, Unrealized=0.00 | Entries=0 | ReEntry=False
2025-09-05 10:48:53,891 | INFO | Candle 10:40:00-10:45:00 | O=24800.00 H=24804.00 L=24783.00 C=24796.30 V=18975 | Type=RED | FUT=NIFTY25SEPFUT Exp=2025-09-30 | Position=None | PnL : Realized=0.00, Unrealized=0.00 | Entries=0 | ReEntry=False
2025-09-05 10:48:54,474 | INFO | Candle 10:40:00-10:45:00 | O=24800.00 H=24804.00 L=24783.00 C=24796.30 V=18975 | Type=RED | FUT=NIFTY25SEPFUT Exp=2025-09-30 | Position=None | PnL : Realized=0.00, Unrealized=0.00 | Entries=0 | ReEntry=False
2025-09-05 10:48:55,026 | INFO | Candle 10:40:00-10:45:00 | O=24800.00 H=24804.00 L=24783.00 C=24796.30 V=18975 | Type=RED | FUT=NIFTY25SEPFUT Exp=2025-09-30 | Position=None | PnL : Realized=0.00, Unrealized=0.00 | Entries=0 | ReEntry=False
2025-09-05 10:48:55,657 | INFO | Candle 10:40:00-10:45:00 | O=24800.00 H=24804.00 L=24783.00 C=24796.30 V=18975 | Type=RED | FUT=NIFTY25SEPFUT Exp=2025-09-30 | Position=None | PnL : Realized=0.00, Unrealized=0.00 | Entries=0 | ReEntry=False
2025-09-05 10:48:56,213 | INFO | Candle 10:40:00-10:45:00 | O=24800.00 H=24804.00 L=24783.00 C=24796.30 V=18975 | Type=RED | FUT=NIFTY25SEPFUT Exp=2025-09-30 | Position=None | PnL : Realized=0.00, Unrealized=0.00 | Entries=0 | ReEntry=False
2025-09-05 10:48:56,769 | INFO | Candle 10:40:00-10:45:00 | O=24800.00 H=24804.00 L=24783.00 C=24796.30 V=18975 | Type=RED | FUT=NIFTY25SEPFUT Exp=2025-09-30 | Position=None | PnL : Realized=0.00, Unrealized=0.00 | Entries=0 | ReEntry=False
2025-09-05 10:48:57,327 | INFO | Candle 10:40:00-10:45:00 | O=24800.00 H=24804.00 L=24783.00 C=24796.30 V=18975 | Type=RED | FUT=NIFTY25SEPFUT Exp=2025-09-30 | Position=None | PnL : Realized=0.00, Unrealized=0.00 | Entries=0 | ReEntry=False
2025-09-05 10:48:57,882 | INFO | Candle 10:40:00-10:45:00 | O=24800.00 H=24804.00 L=24783.00 C=24796.30 V=18975 | Type=RED | FUT=NIFTY25SEPFUT Exp=2025-09-30 | Position=None | PnL : Realized=0.00, Unrealized=0.00 | Entries=0 | ReEntry=False
2025-09-05 10:48:58,693 | INFO | Candle 10:40:00-10:45:00 | O=24800.00 H=24804.00 L=24783.00 C=24796.30 V=18975 | Type=RED | FUT=NIFTY25SEPFUT Exp=2025-09-30 | Position=None | PnL : Realized=0.00, Unrealized=0.00 | Entries=0 | ReEntry=False
2025-09-05 10:48:59,546 | INFO | Candle 10:40:00-10:45:00 | O=24800.00 H=24804.00 L=24783.00 C=24796.30 V=18975 | Type=RED | FUT=NIFTY25SEPFUT Exp=2025-09-30 | Position=None | PnL : Realized=0.00, Unrealized=0.00 | Entries=0 | ReEntry=False
2025-09-05 10:49:00,090 | INFO | Candle 10:40:00-10:45:00 | O=24800.00 H=24804.00 L=24783.00 C=24796.30 V=18975 | Type=RED | FUT=NIFTY25SEPFUT Exp=2025-09-30 | Position=None | PnL : Realized=0.00, Unrealized=0.00 | Entries=0 | ReEntry=False
2025-09-05 10:49:00,649 | INFO | Candle 10:40:00-10:45:00 | O=24800.00 H=24804.00 L=24783.00 C=24796.30 V=18975 | Type=RED | FUT=NIFTY25SEPFUT Exp=2025-09-30 | Position=None | PnL : Realized=0.00, Unrealized=0.00 | Entries=0 | ReEntry=False
2025-09-05 10:49:01,211 | INFO | Candle 10:40:00-10:45:00 | O=24800.00 H=24804.00 L=24783.00 C=24796.30 V=18975 | Type=RED | FUT=NIFTY25SEPFUT Exp=2025-09-30 | Position=None | PnL : Realized=0.00, Unrealized=0.00 | Entries=0 | ReEntry=False
2025-09-05 10:49:01,786 | INFO | Candle 10:40:00-10:45:00 | O=24800.00 H=24804.00 L=24783.00 C=24796.30 V=18975 | Type=RED | FUT=NIFTY25SEPFUT Exp=2025-09-30 | Position=None | PnL : Realized=0.00, Unrealized=0.00 | Entries=0 | ReEntry=False
2025-09-05 10:49:02,343 | INFO | Candle 10:40:00-10:45:00 | O=24800.00 H=24804.00 L=24783.00 C=24796.30 V=18975 | Type=RED | FUT=NIFTY25SEPFUT Exp=2025-09-30 | Position=None | PnL : Realized=0.00, Unrealized=0.00 | Entries=0 | ReEntry=False
2025-09-05 10:52:21,378 | INFO | t6_refactored starting (DRY_RUN=False)
2025-09-05 10:52:23,228 | INFO | run_consecutive_candle_strategy starting (DRY_RUN=False)
2025-09-05 10:52:23,330 | INFO | Using NIFTY future contract: NIFTY25SEPFUT | expiry=2025-09-30 00:00:00 | token=13568258
2025-09-05 10:52:23,381 | INFO | Candle 10:45:00-10:50:00 | O=24796.30 H=24810.00 L=24785.00 C=24790.00 V=40275 | Type=RED | FUT=NIFTY25SEPFUT Exp=2025-09-30 | Position=None | PnL : Realized=0.00, Unrealized=0.00 | Entries=0 | ReEntry=False
2025-09-05 10:55:01,054 | INFO | Candle 10:50:00-10:55:00 | O=24790.00 H=24792.40 L=24762.10 C=24766.60 V=38325 | Type=RED | FUT=NIFTY25SEPFUT Exp=2025-09-30 | Position=None | PnL : Realized=0.00, Unrealized=0.00 | Entries=0 | ReEntry=False
2025-09-05 11:00:00,899 | INFO | Candle 10:55:00-11:00:00 | O=24761.60 H=24780.00 L=24761.00 C=24780.00 V=32475 | Type=GREEN | FUT=NIFTY25SEPFUT Exp=2025-09-30 | Position=None | PnL : Realized=0.00, Unrealized=0.00 | Entries=0 | ReEntry=False
2025-09-05 11:00:01,331 | INFO | Entry placed: 250905200521039
2025-09-05 11:00:01,369 | WARNING | GTT OCO placement failed for NIFTY2590924800CE: 'KiteConnect' object has no attribute 'GTT_OCO'
2025-09-05 11:00:01,443 | ERROR | Fallback MIS SL/TP placement failed for NIFTY2590924800CE: Your order price is higher than the current [upper circuit limit](https://support.zerodha.com/category/trading-and-markets/trading-faqs/articles/what-does-circuit-limits-i-e-price-bands-mean) of 363.05. You can place an order within the range or [use GTT](https://support.zerodha.com/category/trading-and-markets/gtt/articles/what-is-the-good-till-triggered-gtt-feature) for long-standing orders.
2025-09-05 11:00:01,444 | INFO | Entered trade SHORT_CE | NIFTY2590924800CE | entry_underlying=24780.00 SL=24760.50 TP=24819.00 lot=75
2025-09-05 11:00:47,320 | INFO | Detected external exit for NIFTY2590924800CE entry=52.10 exit=51.65 realized=33.75
2025-09-05 11:00:47,320 | INFO | Trade closed externally (realized=33.75). entries_taken=1
2025-09-08 09:49:39,388 | INFO | t6_refactored starting (DRY_RUN=False)
2025-09-08 09:49:41,510 | INFO | Starting strategy run (MIS-only SL/TP in code). DRY_RUN=False
2025-09-08 09:49:41,666 | INFO | Using NIFTY future contract: NIFTY25SEPFUT | expiry=2025-09-30 00:00:00 | token=13568258
2025-09-08 09:49:41,769 | INFO | Candle 09:40:00-09:45:00 | O=24929.00 H=24942.90 L=24919.50 C=24925.00 V=94275 | Type=RED | FUT=NIFTY25SEPFUT Exp=2025-09-30 | Position=None | PnL : Realized=0.00, Unrealized=0.00 | Entries=0 | ReEntry=False
2025-09-08 09:50:00,258 | INFO | Candle 09:45:00-09:50:00 | O=24925.00 H=24935.00 L=24922.00 C=24925.00 V=56400 | Type=DOJI | FUT=NIFTY25SEPFUT Exp=2025-09-30 | Position=None | PnL : Realized=0.00, Unrealized=0.00 | Entries=0 | ReEntry=False
2025-09-08 09:55:00,323 | INFO | Candle 09:50:00-09:55:00 | O=24925.10 H=24927.90 L=24910.00 C=24912.00 V=50100 | Type=RED | FUT=NIFTY25SEPFUT Exp=2025-09-30 | Position=None | PnL : Realized=0.00, Unrealized=0.00 | Entries=0 | ReEntry=False
2025-09-08 10:00:00,448 | INFO | Candle 09:55:00-10:00:00 | O=24911.00 H=24919.10 L=24900.10 C=24904.00 V=46725 | Type=RED | FUT=NIFTY25SEPFUT Exp=2025-09-30 | Position=None | PnL : Realized=0.00, Unrealized=0.00 | Entries=0 | ReEntry=False
2025-09-08 10:05:00,573 | INFO | Candle 10:00:00-10:05:00 | O=24904.00 H=24927.30 L=24904.00 C=24923.00 V=28725 | Type=GREEN | FUT=NIFTY25SEPFUT Exp=2025-09-30 | Position=None | PnL : Realized=0.00, Unrealized=0.00 | Entries=0 | ReEntry=False
2025-09-08 10:05:02,687 | INFO | Placed MIS SELL entry: NIFTY2590924900CE qty=75 resp=250908100334803
2025-09-08 10:05:02,736 | INFO | [ENTRY] SHORT_CE | NIFTY2590924900CE | entry_underlying=24923.00 entry_premium=40.95 SL_opt=53.24 TP_opt=20.48 SL_u=24903.50 TP_u=24962.00 lot=75
2025-09-08 10:07:18,713 | INFO | External exit detected for NIFTY2590924900CE | exit=40.15 | pnl=60.00
2025-09-08 10:10:00,736 | INFO | Candle 10:05:00-10:10:00 | O=24925.00 H=24930.00 L=24902.50 C=24905.00 V=35100 | Type=RED | FUT=NIFTY25SEPFUT Exp=2025-09-30 | Position=None | PnL : Realized=60.00, Unrealized=0.00 | Entries=1 | ReEntry=False
2025-09-08 10:10:00,737 | INFO | Second entry locked, skipping this signal.
2025-09-08 10:24:33,306 | INFO | t6_refactored starting (DRY_RUN=False)
2025-09-08 10:24:35,416 | INFO | Starting strategy run (MIS-only SL/TP in code). DRY_RUN=False
2025-09-08 10:24:35,609 | INFO | Using NIFTY future contract: NIFTY25SEPFUT | expiry=2025-09-30 00:00:00 | token=13568258
2025-09-08 10:24:35,713 | INFO | Candle 10:15:00-10:20:00 | O=24896.50 H=24918.30 L=24890.00 C=24901.50 V=50850 | Type=GREEN | FUT=NIFTY25SEPFUT Exp=2025-09-30 | Position=None | PnL : Realized=0.00, Unrealized=0.00 | Entries=0 | ReEntry=False
2025-09-08 10:25:00,075 | INFO | Candle 10:20:00-10:25:00 | O=24901.50 H=24904.90 L=24893.40 C=24895.00 V=19425 | Type=RED | FUT=NIFTY25SEPFUT Exp=2025-09-30 | Position=None | PnL : Realized=0.00, Unrealized=0.00 | Entries=0 | ReEntry=False
2025-09-08 10:30:00,293 | INFO | Candle 10:25:00-10:30:00 | O=24899.50 H=24905.00 L=24885.00 C=24885.00 V=31050 | Type=RED | FUT=NIFTY25SEPFUT Exp=2025-09-30 | Position=None | PnL : Realized=0.00, Unrealized=0.00 | Entries=0 | ReEntry=False
2025-09-08 10:35:00,549 | INFO | Candle 10:30:00-10:35:00 | O=24885.00 H=24890.00 L=24871.30 C=24880.00 V=72975 | Type=RED | FUT=NIFTY25SEPFUT Exp=2025-09-30 | Position=None | PnL : Realized=0.00, Unrealized=0.00 | Entries=0 | ReEntry=False
2025-09-08 10:40:00,487 | INFO | Candle 10:35:00-10:40:00 | O=24880.00 H=24898.30 L=24872.10 C=24895.50 V=35475 | Type=GREEN | FUT=NIFTY25SEPFUT Exp=2025-09-30 | Position=None | PnL : Realized=0.00, Unrealized=0.00 | Entries=0 | ReEntry=False
2025-09-08 10:40:00,697 | INFO | Placed MIS SELL entry: NIFTY2590924900CE qty=75 resp=250908100465010
2025-09-08 10:40:00,764 | INFO | [ENTRY] SHORT_CE | NIFTY2590924900CE | entry_underlying=24895.50 entry_premium=31.25 SL_opt=40.62 TP_opt=15.62 SL_u=24871.60 TP_u=24943.30 lot=75
2025-09-08 10:45:00,534 | INFO | Candle 10:40:00-10:45:00 | O=24899.00 H=24913.10 L=24893.40 C=24900.00 V=44400 | Type=GREEN | FUT=NIFTY25SEPFUT Exp=2025-09-30 | Position=SHORT CE | PnL : Realized=0.00, Unrealized=-90.00 | Entries=1 | ReEntry=False
2025-09-08 10:45:45,300 | WARNING | Attempt 1/2 failed for ltp: HTTPSConnectionPool(host='api.kite.trade', port=443): Read timed out. (read timeout=7)
2025-09-08 11:19:03,587 | INFO | Candle 11:10:00-11:15:00 | O=24897.00 H=24910.50 L=24897.00 C=24910.50 V=21750 | Type=GREEN | FUT=NIFTY25SEPFUT Exp=2025-09-30 | Position=SHORT CE | PnL : Realized=0.00, Unrealized=-255.00 | Entries=1 | ReEntry=False
2025-09-08 11:20:00,752 | INFO | Candle 11:15:00-11:20:00 | O=24910.50 H=24922.90 L=24905.70 C=24920.00 V=37950 | Type=GREEN | FUT=NIFTY25SEPFUT Exp=2025-09-30 | Position=SHORT CE | PnL : Realized=0.00, Unrealized=-382.50 | Entries=1 | ReEntry=False
2025-09-08 11:21:27,341 | WARNING | Attempt 1/2 failed for ltp: HTTPSConnectionPool(host='api.kite.trade', port=443): Read timed out. (read timeout=7)
2025-09-08 11:25:00,418 | INFO | Candle 11:20:00-11:25:00 | O=24921.30 H=24921.30 L=24904.50 C=24907.10 V=57750 | Type=RED | FUT=NIFTY25SEPFUT Exp=2025-09-30 | Position=SHORT CE | PnL : Realized=0.00, Unrealized=-71.25 | Entries=1 | ReEntry=False
2025-09-08 11:30:00,342 | INFO | Candle 11:25:00-11:30:00 | O=24904.50 H=24921.80 L=24896.20 C=24921.80 V=27150 | Type=GREEN | FUT=NIFTY25SEPFUT Exp=2025-09-30 | Position=SHORT CE | PnL : Realized=0.00, Unrealized=-427.50 | Entries=1 | ReEntry=False
2025-09-08 11:30:51,710 | INFO | External exit detected for NIFTY2590924900CE | exit=39.90 | pnl=-648.75
2025-09-08 11:35:00,389 | INFO | Candle 11:30:00-11:35:00 | O=24922.00 H=24934.30 L=24915.00 C=24930.00 V=48525 | Type=GREEN | FUT=NIFTY25SEPFUT Exp=2025-09-30 | Position=None | PnL : Realized=-648.75, Unrealized=0.00 | Entries=1 | ReEntry=True
2025-09-08 11:40:00,961 | INFO | Candle 11:35:00-11:40:00 | O=24930.00 H=24932.50 L=24916.10 C=24917.70 V=27150 | Type=RED | FUT=NIFTY25SEPFUT Exp=2025-09-30 | Position=None | PnL : Realized=-648.75, Unrealized=0.00 | Entries=1 | ReEntry=True
2025-09-08 11:45:00,214 | INFO | Candle 11:40:00-11:45:00 | O=24917.70 H=24932.40 L=24917.70 C=24926.30 V=19050 | Type=GREEN | FUT=NIFTY25SEPFUT Exp=2025-09-30 | Position=None | PnL : Realized=-648.75, Unrealized=0.00 | Entries=1 | ReEntry=True
2025-09-08 11:50:01,091 | INFO | Candle 11:45:00-11:50:00 | O=24930.90 H=24931.00 L=24918.30 C=24918.30 V=12825 | Type=RED | FUT=NIFTY25SEPFUT Exp=2025-09-30 | Position=None | PnL : Realized=-648.75, Unrealized=0.00 | Entries=1 | ReEntry=True
2025-09-08 11:55:00,292 | INFO | Candle 11:50:00-11:55:00 | O=24918.30 H=24924.00 L=24915.00 C=24915.00 V=13200 | Type=RED | FUT=NIFTY25SEPFUT Exp=2025-09-30 | Position=None | PnL : Realized=-648.75, Unrealized=0.00 | Entries=1 | ReEntry=True
2025-09-08 12:00:00,710 | INFO | Candle 11:55:00-12:00:00 | O=24915.00 H=24920.00 L=24910.00 C=24916.10 V=14250 | Type=GREEN | FUT=NIFTY25SEPFUT Exp=2025-09-30 | Position=None | PnL : Realized=-648.75, Unrealized=0.00 | Entries=1 | ReEntry=True
2025-09-08 12:05:01,189 | INFO | Candle 12:00:00-12:05:00 | O=24916.10 H=24932.20 L=24916.10 C=24932.20 V=25275 | Type=GREEN | FUT=NIFTY25SEPFUT Exp=2025-09-30 | Position=None | PnL : Realized=-648.75, Unrealized=0.00 | Entries=1 | ReEntry=True
2025-09-08 12:10:00,513 | INFO | Candle 12:05:00-12:10:00 | O=24932.00 H=24940.00 L=24926.00 C=24927.00 V=76500 | Type=RED | FUT=NIFTY25SEPFUT Exp=2025-09-30 | Position=None | PnL : Realized=-648.75, Unrealized=0.00 | Entries=1 | ReEntry=True
2025-09-08 12:15:00,761 | INFO | Candle 12:10:00-12:15:00 | O=24927.00 H=24935.00 L=24918.90 C=24932.00 V=30075 | Type=GREEN | FUT=NIFTY25SEPFUT Exp=2025-09-30 | Position=None | PnL : Realized=-648.75, Unrealized=0.00 | Entries=1 | ReEntry=True
2025-09-08 12:20:00,270 | INFO | Candle 12:15:00-12:20:00 | O=24932.00 H=24939.70 L=24927.40 C=24938.00 V=29700 | Type=GREEN | FUT=NIFTY25SEPFUT Exp=2025-09-30 | Position=None | PnL : Realized=-648.75, Unrealized=0.00 | Entries=1 | ReEntry=True
2025-09-08 12:20:56,117 | WARNING | Attempt 1/2 failed for positions: HTTPSConnectionPool(host='api.kite.trade', port=443): Read timed out. (read timeout=7)
2025-09-08 12:25:00,493 | INFO | Candle 12:20:00-12:25:00 | O=24932.50 H=24939.70 L=24929.00 C=24933.90 V=14700 | Type=GREEN | FUT=NIFTY25SEPFUT Exp=2025-09-30 | Position=None | PnL : Realized=-648.75, Unrealized=0.00 | Entries=1 | ReEntry=True
2025-09-08 12:30:00,676 | INFO | Candle 12:25:00-12:30:00 | O=24933.90 H=24934.30 L=24921.00 C=24931.00 V=16125 | Type=RED | FUT=NIFTY25SEPFUT Exp=2025-09-30 | Position=None | PnL : Realized=-648.75, Unrealized=0.00 | Entries=1 | ReEntry=True
2025-09-08 12:30:01,962 | INFO | Placed MIS SELL entry: NIFTY2590924950PE qty=75 resp=250908100742604
2025-09-08 12:30:02,018 | INFO | [ENTRY] SHORT_PE | NIFTY2590924950PE | entry_underlying=24931.00 entry_premium=122.75 SL_opt=159.58 TP_opt=61.38 SL_u=24934.80 TP_u=24923.40 lot=75
2025-09-08 12:30:43,617 | INFO | External exit detected for NIFTY2590924950PE | exit=123.55 | pnl=-60.00
2025-09-08 12:35:39,191 | INFO | t6_refactored starting (DRY_RUN=False)
2025-09-08 12:35:41,498 | INFO | Starting strategy run (MIS-only with visible SL/TP orders). DRY_RUN=False
2025-09-08 12:35:41,601 | INFO | Using NIFTY future contract: NIFTY25SEPFUT | expiry=2025-09-30 00:00:00 | token=13568258
2025-09-08 12:35:41,722 | INFO | Candle 12:30:00-12:35:00 | O=24930.00 H=24935.00 L=24921.00 C=24935.00 V=10050 | Type=GREEN | FUT=NIFTY25SEPFUT Exp=2025-09-30 | Position=None | PnL : Realized=0.00, Unrealized=0.00 | Entries=0 | ReEntry=False
2025-09-08 12:40:01,040 | INFO | Candle 12:35:00-12:40:00 | O=24935.00 H=24963.90 L=24935.00 C=24963.90 V=252375 | Type=GREEN | FUT=NIFTY25SEPFUT Exp=2025-09-30 | Position=None | PnL : Realized=0.00, Unrealized=0.00 | Entries=0 | ReEntry=False
2025-09-08 12:45:00,351 | INFO | Candle 12:40:00-12:45:00 | O=24960.00 H=24978.90 L=24956.00 C=24958.50 V=138525 | Type=RED | FUT=NIFTY25SEPFUT Exp=2025-09-30 | Position=None | PnL : Realized=0.00, Unrealized=0.00 | Entries=0 | ReEntry=False
2025-09-08 12:45:00,667 | ERROR | \u274c Order placement failed for NIFTY2590924950PE: Stoploss Market orders (SL-M) are blocked for F&O contracts as they have been discontinued by the exchange. Try placing SL-M order with [market protection](https://support.zerodha.com/category/trading-and-markets/charts-and-orders/order/articles/market-price-protection-on-the-order-window) enabled.
2025-09-08 12:45:00,667 | ERROR | Entry failed for NIFTY2590924950PE - skipping
2025-09-08 12:50:36,143 | INFO | t6_refactored starting (DRY_RUN=False)
2025-09-08 12:50:37,975 | INFO | Starting strategy run (MIS-only with visible SL/TP orders). DRY_RUN=False
2025-09-08 12:50:38,165 | INFO | Using NIFTY future contract: NIFTY25SEPFUT | expiry=2025-09-30 00:00:00 | token=13568258
2025-09-08 12:50:38,283 | INFO | Candle 12:45:00-12:50:00 | O=24957.70 H=24972.80 L=24957.70 C=24960.80 V=52950 | Type=GREEN | FUT=NIFTY25SEPFUT Exp=2025-09-30 | Position=None | PnL : Realized=0.00, Unrealized=0.00 | Entries=0 | ReEntry=False
2025-09-08 12:55:00,137 | INFO | Candle 12:50:00-12:55:00 | O=24960.80 H=24968.90 L=24954.00 C=24966.00 V=36900 | Type=GREEN | FUT=NIFTY25SEPFUT Exp=2025-09-30 | Position=None | PnL : Realized=0.00, Unrealized=0.00 | Entries=0 | ReEntry=False
2025-09-08 13:00:00,112 | INFO | Candle 12:55:00-13:00:00 | O=24969.00 H=24970.90 L=24963.30 C=24969.00 V=27000 | Type=DOJI | FUT=NIFTY25SEPFUT Exp=2025-09-30 | Position=None | PnL : Realized=0.00, Unrealized=0.00 | Entries=0 | ReEntry=False
2025-09-08 13:05:00,857 | INFO | Candle 13:00:00-13:05:00 | O=24972.00 H=24974.90 L=24960.00 C=24963.00 V=27075 | Type=RED | FUT=NIFTY25SEPFUT Exp=2025-09-30 | Position=None | PnL : Realized=0.00, Unrealized=0.00 | Entries=0 | ReEntry=False
2025-09-08 13:10:00,470 | INFO | Candle 13:05:00-13:10:00 | O=24963.00 H=24969.20 L=24963.00 C=24968.00 V=21375 | Type=GREEN | FUT=NIFTY25SEPFUT Exp=2025-09-30 | Position=None | PnL : Realized=0.00, Unrealized=0.00 | Entries=0 | ReEntry=False
2025-09-08 13:10:00,917 | INFO | [ENTRY+OCO] NIFTY2590924950CE | SL_trigger=43.70 SL_limit=43.90 TP=16.80 | entry_id=250908100845805, sl_id=250908100845810, tp_id=250908100845818
2025-09-08 13:10:00,917 | INFO | [ENTRY] SHORT_CE | NIFTY2590924950CE | entry_underlying=24968.00 entry_premium=33.60 SL_opt=43.68 TP_opt=16.80 SL_u=24962.50 TP_u=24979.00 lot=75
2025-09-08 13:11:00,192 | INFO | External/manual exit detected for NIFTY2590924950CE | exit=33.90 | pnl=-22.50
2025-09-08 13:15:00,939 | INFO | Candle 13:10:00-13:15:00 | O=24969.00 H=24975.00 L=24963.30 C=24974.00 V=40650 | Type=GREEN | FUT=NIFTY25SEPFUT Exp=2025-09-30 | Position=None | PnL : Realized=-22.50, Unrealized=0.00 | Entries=1 | ReEntry=True
2025-09-08 13:20:00,843 | INFO | Candle 13:15:00-13:20:00 | O=24971.40 H=24975.70 L=24950.00 C=24953.40 V=49800 | Type=RED | FUT=NIFTY25SEPFUT Exp=2025-09-30 | Position=None | PnL : Realized=-22.50, Unrealized=0.00 | Entries=1 | ReEntry=True
2025-09-08 13:20:01,257 | INFO | [ENTRY+OCO] NIFTY2590924950PE | SL_trigger=134.30 SL_limit=135.00 TP=51.67 | entry_id=250908100869491, sl_id=250908100869492, tp_id=250908100869500
2025-09-08 13:20:01,257 | INFO | [ENTRY] SHORT_PE | NIFTY2590924950PE | entry_underlying=24953.40 entry_premium=103.35 SL_opt=134.35 TP_opt=51.67 SL_u=24976.20 TP_u=24907.80 lot=75
2025-09-08 13:20:22,547 | INFO | External/manual exit detected for NIFTY2590924950PE | exit=104.60 | pnl=-93.75
2025-09-08 13:20:56,614 | INFO | t6_refactored starting (DRY_RUN=False)
2025-09-08 13:20:58,495 | INFO | Starting strategy run (MIS-only with visible SL/TP orders). DRY_RUN=False
2025-09-08 13:20:58,596 | INFO | Using NIFTY future contract: NIFTY25SEPFUT | expiry=2025-09-30 00:00:00 | token=13568258
2025-09-08 13:20:58,696 | INFO | Candle 13:15:00-13:20:00 | O=24971.40 H=24975.70 L=24950.00 C=24953.40 V=49800 | Type=RED | FUT=NIFTY25SEPFUT Exp=2025-09-30 | Position=None | PnL : Realized=0.00, Unrealized=0.00 | Entries=0 | ReEntry=False
2025-09-08 13:25:00,465 | INFO | Candle 13:20:00-13:25:00 | O=24953.40 H=24963.00 L=24950.00 C=24952.70 V=22125 | Type=RED | FUT=NIFTY25SEPFUT Exp=2025-09-30 | Position=None | PnL : Realized=0.00, Unrealized=0.00 | Entries=0 | ReEntry=False
2025-09-08 13:30:00,820 | INFO | Candle 13:25:00-13:30:00 | O=24951.00 H=24960.00 L=24949.00 C=24956.90 V=24150 | Type=GREEN | FUT=NIFTY25SEPFUT Exp=2025-09-30 | Position=None | PnL : Realized=0.00, Unrealized=0.00 | Entries=0 | ReEntry=False
2025-09-08 13:35:00,093 | INFO | Candle 13:30:00-13:35:00 | O=24956.90 H=24970.00 L=24951.00 C=24959.00 V=20175 | Type=GREEN | FUT=NIFTY25SEPFUT Exp=2025-09-30 | Position=None | PnL : Realized=0.00, Unrealized=0.00 | Entries=0 | ReEntry=False
2025-09-08 13:40:00,606 | INFO | Candle 13:35:00-13:40:00 | O=24959.00 H=24963.70 L=24954.90 C=24959.50 V=9300 | Type=GREEN | FUT=NIFTY25SEPFUT Exp=2025-09-30 | Position=None | PnL : Realized=0.00, Unrealized=0.00 | Entries=0 | ReEntry=False
2025-09-08 13:45:00,830 | INFO | Candle 13:40:00-13:45:00 | O=24959.50 H=24959.50 L=24945.60 C=24951.70 V=32775 | Type=RED | FUT=NIFTY25SEPFUT Exp=2025-09-30 | Position=None | PnL : Realized=0.00, Unrealized=0.00 | Entries=0 | ReEntry=False
2025-09-08 13:45:01,376 | INFO | [ENTRY+OCO] NIFTY2590924950PE | SL_trigger=138.10 SL_limit=138.80 TP=53.12 | entry_id=250908100923627, sl_id=250908100923629, tp_id=250908100923641
2025-09-08 13:45:01,377 | INFO | [ENTRY] SHORT_PE | NIFTY2590924950PE | entry_underlying=24951.70 entry_premium=106.25 SL_opt=138.12 TP_opt=53.12 SL_u=24960.00 TP_u=24935.10 lot=75
2025-09-08 13:46:20,956 | INFO | External/manual exit detected for NIFTY2590924950PE | exit=108.95 | pnl=-202.50
